<?xml version="1.0" encoding="UTF-8"?>
<testsuite xmlns:xsi="http://www.w3.org/2001/XMLSchema-instance" xsi:noNamespaceSchemaLocation="https://maven.apache.org/surefire/maven-surefire-plugin/xsd/surefire-test-report.xsd" name="RunCucumberTest" time="6.785" tests="0" errors="0" skipped="0" failures="0">
  <properties>
    <property name="java.specification.version" value="17"/>
    <property name="sun.jnu.encoding" value="UTF-8"/>
    <property name="java.class.path" value="/home/boziu/projects/RestAssured/RestAssure/target/test-classes:/home/boziu/projects/RestAssured/RestAssure/target/classes:/home/boziu/.m2/repository/io/rest-assured/rest-assured/4.4.0/rest-assured-4.4.0.jar:/home/boziu/.m2/repository/org/codehaus/groovy/groovy/3.0.8/groovy-3.0.8.jar:/home/boziu/.m2/repository/org/codehaus/groovy/groovy-xml/3.0.8/groovy-xml-3.0.8.jar:/home/boziu/.m2/repository/org/apache/httpcomponents/httpclient/4.5.13/httpclient-4.5.13.jar:/home/boziu/.m2/repository/org/apache/httpcomponents/httpcore/4.4.13/httpcore-4.4.13.jar:/home/boziu/.m2/repository/commons-logging/commons-logging/1.2/commons-logging-1.2.jar:/home/boziu/.m2/repository/commons-codec/commons-codec/1.11/commons-codec-1.11.jar:/home/boziu/.m2/repository/org/apache/httpcomponents/httpmime/4.5.13/httpmime-4.5.13.jar:/home/boziu/.m2/repository/org/hamcrest/hamcrest/2.1/hamcrest-2.1.jar:/home/boziu/.m2/repository/org/ccil/cowan/tagsoup/tagsoup/1.2.1/tagsoup-1.2.1.jar:/home/boziu/.m2/repository/io/rest-assured/json-path/4.4.0/json-path-4.4.0.jar:/home/boziu/.m2/repository/org/codehaus/groovy/groovy-json/3.0.8/groovy-json-3.0.8.jar:/home/boziu/.m2/repository/io/rest-assured/rest-assured-common/4.4.0/rest-assured-common-4.4.0.jar:/home/boziu/.m2/repository/io/rest-assured/xml-path/4.4.0/xml-path-4.4.0.jar:/home/boziu/.m2/repository/jakarta/xml/bind/jakarta.xml.bind-api/2.3.3/jakarta.xml.bind-api-2.3.3.jar:/home/boziu/.m2/repository/jakarta/activation/jakarta.activation-api/1.2.2/jakarta.activation-api-1.2.2.jar:/home/boziu/.m2/repository/com/sun/xml/bind/jaxb-impl/2.3.3/jaxb-impl-2.3.3.jar:/home/boziu/.m2/repository/io/cucumber/cucumber-java/7.2.3/cucumber-java-7.2.3.jar:/home/boziu/.m2/repository/io/cucumber/cucumber-core/7.2.3/cucumber-core-7.2.3.jar:/home/boziu/.m2/repository/io/cucumber/cucumber-gherkin/7.2.3/cucumber-gherkin-7.2.3.jar:/home/boziu/.m2/repository/io/cucumber/cucumber-gherkin-messages/7.2.3/cucumber-gherkin-messages-7.2.3.jar:/home/boziu/.m2/repository/io/cucumber/messages/17.1.1/messages-17.1.1.jar:/home/boziu/.m2/repository/io/cucumber/tag-expressions/4.1.0/tag-expressions-4.1.0.jar:/home/boziu/.m2/repository/io/cucumber/cucumber-expressions/15.0.1/cucumber-expressions-15.0.1.jar:/home/boziu/.m2/repository/io/cucumber/datatable/7.2.3/datatable-7.2.3.jar:/home/boziu/.m2/repository/io/cucumber/cucumber-plugin/7.2.3/cucumber-plugin-7.2.3.jar:/home/boziu/.m2/repository/io/cucumber/docstring/7.2.3/docstring-7.2.3.jar:/home/boziu/.m2/repository/io/cucumber/html-formatter/17.0.0/html-formatter-17.0.0.jar:/home/boziu/.m2/repository/io/cucumber/ci-environment/8.1.0/ci-environment-8.1.0.jar:/home/boziu/.m2/repository/org/apiguardian/apiguardian-api/1.1.2/apiguardian-api-1.1.2.jar:/home/boziu/.m2/repository/io/cucumber/cucumber-junit/7.2.3/cucumber-junit-7.2.3.jar:/home/boziu/.m2/repository/junit/junit/4.13.2/junit-4.13.2.jar:/home/boziu/.m2/repository/org/hamcrest/hamcrest-core/1.3/hamcrest-core-1.3.jar:/home/boziu/.m2/repository/com/github/javafaker/javafaker/1.0.2/javafaker-1.0.2.jar:/home/boziu/.m2/repository/org/apache/commons/commons-lang3/3.5/commons-lang3-3.5.jar:/home/boziu/.m2/repository/org/yaml/snakeyaml/1.23/snakeyaml-1.23-android.jar:/home/boziu/.m2/repository/com/github/mifmif/generex/1.0.2/generex-1.0.2.jar:/home/boziu/.m2/repository/dk/brics/automaton/automaton/1.11-8/automaton-1.11-8.jar:/home/boziu/.m2/repository/org/testng/testng/7.4.0/testng-7.4.0.jar:/home/boziu/.m2/repository/com/beust/jcommander/1.78/jcommander-1.78.jar:/home/boziu/.m2/repository/org/webjars/jquery/3.5.1/jquery-3.5.1.jar:"/>
    <property name="java.vm.vendor" value="Ubuntu"/>
    <property name="sun.arch.data.model" value="64"/>
    <property name="java.vendor.url" value="https://ubuntu.com/"/>
    <property name="os.name" value="Linux"/>
    <property name="java.vm.specification.version" value="17"/>
    <property name="sun.java.launcher" value="SUN_STANDARD"/>
    <property name="user.country" value="PL"/>
    <property name="sun.boot.library.path" value="/usr/lib/jvm/java-17-openjdk-amd64/lib"/>
    <property name="sun.java.command" value="/home/boziu/projects/RestAssured/RestAssure/target/surefire/surefirebooter8862123892964740945.jar /home/boziu/projects/RestAssured/RestAssure/target/surefire 2024-06-16T11-31-05_974-jvmRun1 surefire12558499216677432053tmp surefire_02811060578448188152tmp"/>
    <property name="jdk.debug" value="release"/>
    <property name="surefire.test.class.path" value="/home/boziu/projects/RestAssured/RestAssure/target/test-classes:/home/boziu/projects/RestAssured/RestAssure/target/classes:/home/boziu/.m2/repository/io/rest-assured/rest-assured/4.4.0/rest-assured-4.4.0.jar:/home/boziu/.m2/repository/org/codehaus/groovy/groovy/3.0.8/groovy-3.0.8.jar:/home/boziu/.m2/repository/org/codehaus/groovy/groovy-xml/3.0.8/groovy-xml-3.0.8.jar:/home/boziu/.m2/repository/org/apache/httpcomponents/httpclient/4.5.13/httpclient-4.5.13.jar:/home/boziu/.m2/repository/org/apache/httpcomponents/httpcore/4.4.13/httpcore-4.4.13.jar:/home/boziu/.m2/repository/commons-logging/commons-logging/1.2/commons-logging-1.2.jar:/home/boziu/.m2/repository/commons-codec/commons-codec/1.11/commons-codec-1.11.jar:/home/boziu/.m2/repository/org/apache/httpcomponents/httpmime/4.5.13/httpmime-4.5.13.jar:/home/boziu/.m2/repository/org/hamcrest/hamcrest/2.1/hamcrest-2.1.jar:/home/boziu/.m2/repository/org/ccil/cowan/tagsoup/tagsoup/1.2.1/tagsoup-1.2.1.jar:/home/boziu/.m2/repository/io/rest-assured/json-path/4.4.0/json-path-4.4.0.jar:/home/boziu/.m2/repository/org/codehaus/groovy/groovy-json/3.0.8/groovy-json-3.0.8.jar:/home/boziu/.m2/repository/io/rest-assured/rest-assured-common/4.4.0/rest-assured-common-4.4.0.jar:/home/boziu/.m2/repository/io/rest-assured/xml-path/4.4.0/xml-path-4.4.0.jar:/home/boziu/.m2/repository/jakarta/xml/bind/jakarta.xml.bind-api/2.3.3/jakarta.xml.bind-api-2.3.3.jar:/home/boziu/.m2/repository/jakarta/activation/jakarta.activation-api/1.2.2/jakarta.activation-api-1.2.2.jar:/home/boziu/.m2/repository/com/sun/xml/bind/jaxb-impl/2.3.3/jaxb-impl-2.3.3.jar:/home/boziu/.m2/repository/io/cucumber/cucumber-java/7.2.3/cucumber-java-7.2.3.jar:/home/boziu/.m2/repository/io/cucumber/cucumber-core/7.2.3/cucumber-core-7.2.3.jar:/home/boziu/.m2/repository/io/cucumber/cucumber-gherkin/7.2.3/cucumber-gherkin-7.2.3.jar:/home/boziu/.m2/repository/io/cucumber/cucumber-gherkin-messages/7.2.3/cucumber-gherkin-messages-7.2.3.jar:/home/boziu/.m2/repository/io/cucumber/messages/17.1.1/messages-17.1.1.jar:/home/boziu/.m2/repository/io/cucumber/tag-expressions/4.1.0/tag-expressions-4.1.0.jar:/home/boziu/.m2/repository/io/cucumber/cucumber-expressions/15.0.1/cucumber-expressions-15.0.1.jar:/home/boziu/.m2/repository/io/cucumber/datatable/7.2.3/datatable-7.2.3.jar:/home/boziu/.m2/repository/io/cucumber/cucumber-plugin/7.2.3/cucumber-plugin-7.2.3.jar:/home/boziu/.m2/repository/io/cucumber/docstring/7.2.3/docstring-7.2.3.jar:/home/boziu/.m2/repository/io/cucumber/html-formatter/17.0.0/html-formatter-17.0.0.jar:/home/boziu/.m2/repository/io/cucumber/ci-environment/8.1.0/ci-environment-8.1.0.jar:/home/boziu/.m2/repository/org/apiguardian/apiguardian-api/1.1.2/apiguardian-api-1.1.2.jar:/home/boziu/.m2/repository/io/cucumber/cucumber-junit/7.2.3/cucumber-junit-7.2.3.jar:/home/boziu/.m2/repository/junit/junit/4.13.2/junit-4.13.2.jar:/home/boziu/.m2/repository/org/hamcrest/hamcrest-core/1.3/hamcrest-core-1.3.jar:/home/boziu/.m2/repository/com/github/javafaker/javafaker/1.0.2/javafaker-1.0.2.jar:/home/boziu/.m2/repository/org/apache/commons/commons-lang3/3.5/commons-lang3-3.5.jar:/home/boziu/.m2/repository/org/yaml/snakeyaml/1.23/snakeyaml-1.23-android.jar:/home/boziu/.m2/repository/com/github/mifmif/generex/1.0.2/generex-1.0.2.jar:/home/boziu/.m2/repository/dk/brics/automaton/automaton/1.11-8/automaton-1.11-8.jar:/home/boziu/.m2/repository/org/testng/testng/7.4.0/testng-7.4.0.jar:/home/boziu/.m2/repository/com/beust/jcommander/1.78/jcommander-1.78.jar:/home/boziu/.m2/repository/org/webjars/jquery/3.5.1/jquery-3.5.1.jar:"/>
    <property name="sun.cpu.endian" value="little"/>
    <property name="user.home" value="/home/boziu"/>
    <property name="user.language" value="pl"/>
    <property name="java.specification.vendor" value="Oracle Corporation"/>
    <property name="java.version.date" value="2024-04-16"/>
    <property name="java.home" value="/usr/lib/jvm/java-17-openjdk-amd64"/>
    <property name="file.separator" value="/"/>
    <property name="basedir" value="/home/boziu/projects/RestAssured/RestAssure"/>
    <property name="java.vm.compressedOopsMode" value="Zero based"/>
    <property name="line.separator" value="&#10;"/>
    <property name="java.vm.specification.vendor" value="Oracle Corporation"/>
    <property name="java.specification.name" value="Java Platform API Specification"/>
    <property name="surefire.real.class.path" value="/home/boziu/projects/RestAssured/RestAssure/target/surefire/surefirebooter8862123892964740945.jar"/>
    <property name="sun.management.compiler" value="HotSpot 64-Bit Tiered Compilers"/>
    <property name="java.runtime.version" value="17.0.11+9-Ubuntu-123.10.1"/>
    <property name="user.name" value="boziu"/>
    <property name="path.separator" value=":"/>
    <property name="os.version" value="6.5.0-41-generic"/>
    <property name="java.runtime.name" value="OpenJDK Runtime Environment"/>
    <property name="file.encoding" value="UTF-8"/>
    <property name="java.vm.name" value="OpenJDK 64-Bit Server VM"/>
    <property name="localRepository" value="/home/boziu/.m2/repository"/>
    <property name="java.vendor.url.bug" value="https://bugs.launchpad.net/ubuntu/+source/openjdk-17"/>
    <property name="java.io.tmpdir" value="/tmp"/>
    <property name="java.version" value="17.0.11"/>
    <property name="user.dir" value="/home/boziu/projects/RestAssured/RestAssure"/>
    <property name="os.arch" value="amd64"/>
    <property name="java.vm.specification.name" value="Java Virtual Machine Specification"/>
    <property name="native.encoding" value="UTF-8"/>
    <property name="java.library.path" value="/usr/java/packages/lib:/usr/lib/x86_64-linux-gnu/jni:/lib/x86_64-linux-gnu:/usr/lib/x86_64-linux-gnu:/usr/lib/jni:/lib:/usr/lib"/>
    <property name="java.vm.info" value="mixed mode, sharing"/>
    <property name="java.vendor" value="Ubuntu"/>
    <property name="java.vm.version" value="17.0.11+9-Ubuntu-123.10.1"/>
    <property name="sun.io.unicode.encoding" value="UnicodeLittle"/>
    <property name="java.class.version" value="61.0"/>
  </properties>
</testsuite>